<?xml version="1.0" encoding="UTF-8"?>
<testsuite name="edu.duke.ece651.team16.server.SpecialOrderTest" tests="1" skipped="0" failures="0" errors="0" timestamp="2023-05-02T21:11:15" hostname="Zhes-MacBook-Pro.local" time="0.002">
  <properties/>
  <testcase name="testTryAction()" classname="edu.duke.ece651.team16.server.SpecialOrderTest" time="0.002"/>
  <system-out><![CDATA[]]></system-out>
  <system-err><![CDATA[]]></system-err>
</testsuite>
