<?xml version="1.0" encoding="UTF-8"?>
<testsuite name="edu.duke.ece651.team16.server.GameTest" tests="22" skipped="0" failures="0" errors="0" timestamp="2023-05-02T21:11:14" hostname="Zhes-MacBook-Pro.local" time="0.169">
  <properties/>
  <testcase name="testCheckNameReturnTerritory()" classname="edu.duke.ece651.team16.server.GameTest" time="0.041"/>
  <testcase name="testChooseNumOfPlayers()" classname="edu.duke.ece651.team16.server.GameTest" time="0.002"/>
  <testcase name="testGenerateUnit()" classname="edu.duke.ece651.team16.server.GameTest" time="0.001"/>
  <testcase name="test_ifChooseWatch()" classname="edu.duke.ece651.team16.server.GameTest" time="0.001"/>
  <testcase name="test_chooseColor()" classname="edu.duke.ece651.team16.server.GameTest" time="0.001"/>
  <testcase name="testAssignUnitsInvalidTerritory()" classname="edu.duke.ece651.team16.server.GameTest" time="0.001"/>
  <testcase name="testAssignUnits2()" classname="edu.duke.ece651.team16.server.GameTest" time="0.001"/>
  <testcase name="testAssignUnits3()" classname="edu.duke.ece651.team16.server.GameTest" time="0.001"/>
  <testcase name="test_worldWar()" classname="edu.duke.ece651.team16.server.GameTest" time="0.001"/>
  <testcase name="testRun3()" classname="edu.duke.ece651.team16.server.GameTest" time="0.103"/>
  <testcase name="testChooseColorInvalid()" classname="edu.duke.ece651.team16.server.GameTest" time="0.002"/>
  <testcase name="testChooseNumOfPlayers2()" classname="edu.duke.ece651.team16.server.GameTest" time="0.001"/>
  <testcase name="test_findWinner()" classname="edu.duke.ece651.team16.server.GameTest" time="0.001"/>
  <testcase name="testProduceResources()" classname="edu.duke.ece651.team16.server.GameTest" time="0.0"/>
  <testcase name="testAssignUnitsInvalidNumFormatException()" classname="edu.duke.ece651.team16.server.GameTest" time="0.001"/>
  <testcase name="testAssignUnits_InvalidNumber2()" classname="edu.duke.ece651.team16.server.GameTest" time="0.0"/>
  <testcase name="testAssignUnits()" classname="edu.duke.ece651.team16.server.GameTest" time="0.002"/>
  <testcase name="testMakeResearchOrder()" classname="edu.duke.ece651.team16.server.GameTest" time="0.001"/>
  <testcase name="testAssignUnits_InvalidNumber()" classname="edu.duke.ece651.team16.server.GameTest" time="0.001"/>
  <testcase name="testGetGameState()" classname="edu.duke.ece651.team16.server.GameTest" time="0.001"/>
  <testcase name="testChooseNumOfPlayersInvalid2()" classname="edu.duke.ece651.team16.server.GameTest" time="0.001"/>
  <testcase name="testChooseNumOfPlayersInvalid()" classname="edu.duke.ece651.team16.server.GameTest" time="0.001"/>
  <system-out><![CDATA[]]></system-out>
  <system-err><![CDATA[]]></system-err>
</testsuite>
