<?xml version="1.0" encoding="UTF-8"?>
<testsuite name="edu.duke.ece651.team16.server.CombatTest" tests="8" skipped="0" failures="0" errors="0" timestamp="2023-05-02T21:11:14" hostname="Zhes-MacBook-Pro.local" time="0.019">
  <properties/>
  <testcase name="testDetermineWin_DiceAdvantageSwitch()" classname="edu.duke.ece651.team16.server.CombatTest" time="0.009"/>
  <testcase name="testDetermineWin()" classname="edu.duke.ece651.team16.server.CombatTest" time="0.003"/>
  <testcase name="testDetermineWin_DiceAdvantageSwitch1()" classname="edu.duke.ece651.team16.server.CombatTest" time="0.001"/>
  <testcase name="testDetermineWin_TieAndBothAttackers()" classname="edu.duke.ece651.team16.server.CombatTest" time="0.001"/>
  <testcase name="testDetermineWin_DefenderWins()" classname="edu.duke.ece651.team16.server.CombatTest" time="0.001"/>
  <testcase name="testDetermineWin2()" classname="edu.duke.ece651.team16.server.CombatTest" time="0.001"/>
  <testcase name="testDetermineWin3()" classname="edu.duke.ece651.team16.server.CombatTest" time="0.001"/>
  <testcase name="testDetermineWin_TieAndAIsNotAttacker()" classname="edu.duke.ece651.team16.server.CombatTest" time="0.001"/>
  <system-out><![CDATA[]]></system-out>
  <system-err><![CDATA[]]></system-err>
</testsuite>
