<?xml version="1.0" encoding="UTF-8"?>
<testsuite name="edu.duke.ece651.team16.server.ConnTest" tests="5" skipped="0" failures="0" errors="0" timestamp="2023-05-02T21:11:14" hostname="Zhes-MacBook-Pro.local" time="0.049">
  <properties/>
  <testcase name="test_recv()" classname="edu.duke.ece651.team16.server.ConnTest" time="0.021"/>
  <testcase name="testSend()" classname="edu.duke.ece651.team16.server.ConnTest" time="0.024"/>
  <testcase name="test_connection_fail_construct()" classname="edu.duke.ece651.team16.server.ConnTest" time="0.001"/>
  <testcase name="test_socketClose_IOE()" classname="edu.duke.ece651.team16.server.ConnTest" time="0.001"/>
  <testcase name="test_close()" classname="edu.duke.ece651.team16.server.ConnTest" time="0.002"/>
  <system-out><![CDATA[]]></system-out>
  <system-err><![CDATA[]]></system-err>
</testsuite>
