<?xml version="1.0" encoding="UTF-8"?>
<testsuite name="edu.duke.ece651.team16.server.ChatServerTest" tests="4" skipped="0" failures="0" errors="0" timestamp="2023-05-02T21:11:14" hostname="Zhes-MacBook-Pro.local" time="0.033">
  <properties/>
  <testcase name="testSendToAll1()" classname="edu.duke.ece651.team16.server.ChatServerTest" time="0.03"/>
  <testcase name="testSendWelcome()" classname="edu.duke.ece651.team16.server.ChatServerTest" time="0.001"/>
  <testcase name="testAddPlayer()" classname="edu.duke.ece651.team16.server.ChatServerTest" time="0.0"/>
  <testcase name="testSendToOne()" classname="edu.duke.ece651.team16.server.ChatServerTest" time="0.001"/>
  <system-out><![CDATA[]]></system-out>
  <system-err><![CDATA[]]></system-err>
</testsuite>
