<?xml version="1.0" encoding="UTF-8"?>
<testsuite name="edu.duke.ece651.team16.server.AllianceOrderTest" tests="2" skipped="0" failures="0" errors="0" timestamp="2023-05-02T21:11:14" hostname="Zhes-MacBook-Pro.local" time="0.168">
  <properties/>
  <testcase name="test_invalid_tryAction()" classname="edu.duke.ece651.team16.server.AllianceOrderTest" time="0.166"/>
  <testcase name="test_valid_tryAction()" classname="edu.duke.ece651.team16.server.AllianceOrderTest" time="0.0"/>
  <system-out><![CDATA[]]></system-out>
  <system-err><![CDATA[]]></system-err>
</testsuite>
