<?xml version="1.0" encoding="UTF-8"?>
<testsuite name="edu.duke.ece651.team16.server.AttackOrderTest" tests="3" skipped="0" failures="0" errors="0" timestamp="2023-05-02T21:11:14" hostname="Zhes-MacBook-Pro.local" time="0.003">
  <properties/>
  <testcase name="test_not_enough_resource()" classname="edu.duke.ece651.team16.server.AttackOrderTest" time="0.002"/>
  <testcase name="test_valid_tryAttack()" classname="edu.duke.ece651.team16.server.AttackOrderTest" time="0.0"/>
  <testcase name="test_unvalid_tryAttack()" classname="edu.duke.ece651.team16.server.AttackOrderTest" time="0.0"/>
  <system-out><![CDATA[]]></system-out>
  <system-err><![CDATA[]]></system-err>
</testsuite>
