<?xml version="1.0" encoding="UTF-8"?>
<testsuite name="edu.duke.ece651.team16.server.MessageGeneratorTest" tests="5" skipped="0" failures="0" errors="0" timestamp="2023-05-02T21:11:14" hostname="Zhes-MacBook-Pro.local" time="0.167">
  <properties/>
  <testcase name="testFormMap()" classname="edu.duke.ece651.team16.server.MessageGeneratorTest" time="0.003"/>
  <testcase name="test_sendEntry()" classname="edu.duke.ece651.team16.server.MessageGeneratorTest" time="0.159"/>
  <testcase name="test_sendLog()" classname="edu.duke.ece651.team16.server.MessageGeneratorTest" time="0.002"/>
  <testcase name="test_sendMap()" classname="edu.duke.ece651.team16.server.MessageGeneratorTest" time="0.002"/>
  <testcase name="test_sendInitialMap()" classname="edu.duke.ece651.team16.server.MessageGeneratorTest" time="0.001"/>
  <system-out><![CDATA[]]></system-out>
  <system-err><![CDATA[]]></system-err>
</testsuite>
