<?xml version="1.0" encoding="UTF-8"?>
<testsuite name="edu.duke.ece651.team16.server.ServerTest" tests="7" skipped="0" failures="0" errors="0" timestamp="2023-05-02T21:11:15" hostname="Zhes-MacBook-Pro.local" time="0.145">
  <properties/>
  <testcase name="testAcceptOrNull()" classname="edu.duke.ece651.team16.server.ServerTest" time="0.001"/>
  <testcase name="testLoginSuccess()" classname="edu.duke.ece651.team16.server.ServerTest" time="0.002"/>
  <testcase name="testEnterGameJoinRoom()" classname="edu.duke.ece651.team16.server.ServerTest" time="0.021"/>
  <testcase name="testLoginWrongPassword()" classname="edu.duke.ece651.team16.server.ServerTest" time="0.001"/>
  <testcase name="testLoginNewAccount()" classname="edu.duke.ece651.team16.server.ServerTest" time="0.0"/>
  <testcase name="testEnterGameRoomFull()" classname="edu.duke.ece651.team16.server.ServerTest" time="0.001"/>
  <testcase name="testRunException()" classname="edu.duke.ece651.team16.server.ServerTest" time="0.117"/>
  <system-out><![CDATA[]]></system-out>
  <system-err><![CDATA[]]></system-err>
</testsuite>
