<?xml version="1.0" encoding="UTF-8"?>
<testsuite name="edu.duke.ece651.team16.controller.ClientTest" tests="13" skipped="0" failures="0" errors="0" timestamp="2023-05-02T21:11:43" hostname="Zhes-MacBook-Pro.local" time="0.046">
  <properties/>
  <testcase name="test_playerOneAction()" classname="edu.duke.ece651.team16.controller.ClientTest" time="0.005"/>
  <testcase name="test_playerChooseColorException()" classname="edu.duke.ece651.team16.controller.ClientTest" time="0.011"/>
  <testcase name="test_playerActionTurn()" classname="edu.duke.ece651.team16.controller.ClientTest" time="0.007"/>
  <testcase name="test_playerChooseRoom()" classname="edu.duke.ece651.team16.controller.ClientTest" time="0.002"/>
  <testcase name="test_playerAssignUnits()" classname="edu.duke.ece651.team16.controller.ClientTest" time="0.004"/>
  <testcase name="test_playerChooseNumber()" classname="edu.duke.ece651.team16.controller.ClientTest" time="0.005"/>
  <testcase name="test_playerChooseColor()" classname="edu.duke.ece651.team16.controller.ClientTest" time="0.001"/>
  <testcase name="test_playerChooseWatch()" classname="edu.duke.ece651.team16.controller.ClientTest" time="0.002"/>
  <testcase name="test_recvMsg()" classname="edu.duke.ece651.team16.controller.ClientTest" time="0.003"/>
  <testcase name="testCheckMoveInputFormat()" classname="edu.duke.ece651.team16.controller.ClientTest" time="0.002"/>
  <testcase name="test_waitEveryoneDone()" classname="edu.duke.ece651.team16.controller.ClientTest" time="0.001"/>
  <testcase name="test_playerChooseNumberException()" classname="edu.duke.ece651.team16.controller.ClientTest" time="0.001"/>
  <testcase name="test_playerAssignUnitsException()" classname="edu.duke.ece651.team16.controller.ClientTest" time="0.001"/>
  <system-out><![CDATA[after recvMsg
after sendResponse
[d]
Not Valid
Failed to receive message.
after recvMsg
after sendResponse
[d]
finished stage
after recvMsg
after sendResponse
[a, T1, t2, 10]
after recvMsg
after sendResponse
[s, s]
]]></system-out>
  <system-err><![CDATA[]]></system-err>
</testsuite>
