<?xml version="1.0" encoding="UTF-8"?>
<testsuite name="edu.duke.ece651.team16.controller.LoginControllerTest" tests="1" skipped="0" failures="0" errors="0" timestamp="2023-05-02T21:12:27" hostname="Zhes-MacBook-Pro.local" time="7.107">
  <properties/>
  <testcase name="test_()" classname="edu.duke.ece651.team16.controller.LoginControllerTest" time="7.107"/>
  <system-out><![CDATA[hello
startgame
]]></system-out>
  <system-err><![CDATA[]]></system-err>
</testsuite>
