<?xml version="1.0" encoding="UTF-8"?>
<testsuite name="edu.duke.ece651.team16.controller.ChooseGroupControllerTest" tests="2" skipped="0" failures="0" errors="0" timestamp="2023-05-02T21:11:39" hostname="Zhes-MacBook-Pro.local" time="4.447">
  <properties/>
  <testcase name="test_chooseGroup()" classname="edu.duke.ece651.team16.controller.ChooseGroupControllerTest" time="2.242"/>
  <testcase name="test_moveMouse()" classname="edu.duke.ece651.team16.controller.ChooseGroupControllerTest" time="2.203"/>
  <system-out><![CDATA[green
red
My territory: baldwin
]]></system-out>
  <system-err><![CDATA[]]></system-err>
</testsuite>
