<?xml version="1.0" encoding="UTF-8"?>
<testsuite name="edu.duke.ece651.team16.controller.StartGameControllerTest" tests="1" skipped="0" failures="0" errors="0" timestamp="2023-05-02T21:12:35" hostname="Zhes-MacBook-Pro.local" time="1.186">
  <properties/>
  <testcase name="testNewGameButton()" classname="edu.duke.ece651.team16.controller.StartGameControllerTest" time="1.186"/>
  <system-out><![CDATA[]]></system-out>
  <system-err><![CDATA[]]></system-err>
</testsuite>
