<?xml version="1.0" encoding="UTF-8"?>
<testsuite name="edu.duke.ece651.team16.controller.MapParserTest" tests="2" skipped="0" failures="0" errors="0" timestamp="2023-05-02T21:12:35" hostname="Zhes-MacBook-Pro.local" time="0.003">
  <properties/>
  <testcase name="test_MapParserInit()" classname="edu.duke.ece651.team16.controller.MapParserTest" time="0.002"/>
  <testcase name="test_getTerritory()" classname="edu.duke.ece651.team16.controller.MapParserTest" time="0.001"/>
  <system-out><![CDATA[Failed to convert json string to json object.
Failed to convert json string to json object.
]]></system-out>
  <system-err><![CDATA[]]></system-err>
</testsuite>
