<?xml version="1.0" encoding="UTF-8"?>
<testsuite name="edu.duke.ece651.team16.controller.ChatClientTest" tests="1" skipped="0" failures="0" errors="0" timestamp="2023-05-02T21:11:33" hostname="Zhes-MacBook-Pro.local" time="0.26">
  <properties/>
  <testcase name="test_()" classname="edu.duke.ece651.team16.controller.ChatClientTest" time="0.26"/>
  <system-out><![CDATA[]]></system-out>
  <system-err><![CDATA[]]></system-err>
</testsuite>
